<?xml version="1.0" encoding="UTF-8"?>
<!-- Generated by org.testng.reporters.JUnitReportReporter -->
<testsuite skipped="3" hostname="LAP0002717" name="case1" tests="5" failures="0" timestamp="23 Jul 2019 05:07:40 GMT" time="2.126" errors="0">
  <testcase name="posttest" time="2.053" classname="case1"/>
  <testcase name="posttest" time="0.073" classname="case1"/>
  <testcase name="getF1search" classname="case1">
    <skipped/>
  </testcase> <!-- getF1search -->
  <testcase name="getF1Detail" classname="case1">
    <skipped/>
  </testcase> <!-- getF1Detail -->
  <testcase name="getF1Review" classname="case1">
    <skipped/>
  </testcase> <!-- getF1Review -->
</testsuite> <!-- case1 -->
